20:46:57.757 INFO  MainBase.CustomDriver -Allow Cookies, found  Allow Cookies
20:46:57.992 INFO  MainBase.CustomDriver -Clicked on::Allow Cookies
20:46:58.098 INFO  MainBase.CustomDriver -NAVBAR_TOGGLE btn, found  NAVBAR_TOGGLE btn
20:46:58.268 INFO  MainBase.CustomDriver -Clicked on::NAVBAR_TOGGLE btn
20:46:58.296 INFO  MainBase.CustomDriver -Waiting for max:: 10 seconds for element to be clickable
20:46:58.625 INFO  MainBase.CustomDriver -Element is clickable on the web page
20:46:59.096 INFO  MainBase.CustomDriver -Clicked on::Login/Register Btn
20:46:59.238 INFO  MainBase.CustomDriver -Email Field, found  Email Field
20:46:59.668 INFO  MainBase.CustomDriver -Send Keys on element :: Email Field with data :: automation@yopmail.com
20:46:59.718 INFO  MainBase.CustomDriver -Pass Field, found  Pass Field
20:47:00.241 INFO  MainBase.CustomDriver -Send Keys on element :: Pass Field with data :: Test@123
20:47:00.295 INFO  MainBase.CustomDriver -LOGIN_SUBMIT, found  LOGIN_SUBMIT
20:47:00.539 INFO  MainBase.CustomDriver -Clicked on::LOGIN_SUBMIT
20:47:00.562 INFO  MainBase.CustomDriver -Waiting for max:: 15 seconds for element to be clickable
20:47:03.553 INFO  MainBase.CustomDriver -Element is clickable on the web page
20:47:04.078 INFO  MainBase.CustomDriver -Clicked on::SUCC_ALERT_CLOSE
20:47:04.227 INFO  MainBase.CustomDriver -Toggle bar, found  Toggle bar
20:47:05.081 INFO  MainBase.CustomDriver -Clicked on::Toggle bar
20:47:05.100 INFO  MainBase.CustomDriver -Waiting for max:: 10 seconds for element to be clickable
20:47:05.266 INFO  MainBase.CustomDriver -Element is clickable on the web page
20:47:05.965 INFO  MainBase.CustomDriver -Clicked on::CREATE_LINK
20:47:09.004 INFO  MainBase.CustomDriver -Waiting for max:: 10 seconds for element to be clickable
20:47:09.159 INFO  MainBase.CustomDriver -Element is clickable on the web page
20:47:09.669 INFO  MainBase.CustomDriver -Clicked on::CREATE_MY_ETERNAVIEW
20:47:09.708 INFO  MainBase.CustomDriver -Waiting for max:: 5 seconds for element to be available
20:47:09.820 INFO  MainBase.CustomDriver -Element appeared on the web page Direction text
20:47:09.976 INFO  MainBase.CustomDriver -Direction Continure Btn, found  Direction Continure Btn
20:47:10.014 INFO  MainBase.CustomDriver -Scrolled on :: Direction Continure Btn
20:47:10.050 INFO  MainBase.CustomDriver -DIRECTION_CONTINUE, found  DIRECTION_CONTINUE
20:47:10.267 INFO  MainBase.CustomDriver -Clicked on::DIRECTION_CONTINUE
20:47:10.296 INFO  MainBase.CustomDriver -Waiting for max:: 20 seconds for element to be available
20:47:10.421 INFO  MainBase.CustomDriver -Element appeared on the web page Start Recording Btn
20:47:10.494 ERROR MainBase.Util -Actual Text From Web Application UI   --> : START RECORDING
20:47:10.495 ERROR MainBase.Util -Expected Text From Web Application UI --> : START Recording
20:47:10.495 ERROR MainBase.Util -### Verification DOES NOT MATCH !!!
